{"/home/andy/del/obsidian-colorful-note-background/src/main.ts": {"path":"/home/andy/del/obsidian-colorful-note-background/src/main.ts","statementMap":{"0":{"start":{"line":11,"column":0},"end":{"line":11,"column":16}},"1":{"start":{"line":1,"column":0},"end":{"line":1,"column":70}},"2":{"start":{"line":3,"column":0},"end":{"line":3,"column":108}},"3":{"start":{"line":5,"column":25},"end":{"line":9,"column":1}},"4":{"start":{"line":7,"column":18},"end":{"line":7,"column":44}},"5":{"start":{"line":8,"column":4},"end":{"line":8,"column":34}},"6":{"start":{"line":5,"column":13},"end":{"line":5,"column":25}},"7":{"start":{"line":12,"column":12},"end":{"line":12,"column":32}},"8":{"start":{"line":13,"column":4},"end":{"line":13,"column":65}},"9":{"start":{"line":13,"column":24},"end":{"line":13,"column":65}},"10":{"start":{"line":13,"column":49},"end":{"line":13,"column":54}},"11":{"start":{"line":14,"column":16},"end":{"line":14,"column":31}},"12":{"start":{"line":15,"column":14},"end":{"line":15,"column":31}},"13":{"start":{"line":16,"column":14},"end":{"line":16,"column":30}},"14":{"start":{"line":17,"column":14},"end":{"line":17,"column":23}},"15":{"start":{"line":18,"column":4},"end":{"line":18,"column":43}},"16":{"start":{"line":25,"column":8},"end":{"line":25,"column":34}},"17":{"start":{"line":28,"column":8},"end":{"line":28,"column":60}},"18":{"start":{"line":30,"column":8},"end":{"line":32,"column":10}},"19":{"start":{"line":33,"column":8},"end":{"line":35,"column":10}},"20":{"start":{"line":36,"column":8},"end":{"line":38,"column":10}},"21":{"start":{"line":43,"column":8},"end":{"line":49,"column":11}},"22":{"start":{"line":44,"column":12},"end":{"line":44,"column":61}},"23":{"start":{"line":44,"column":54},"end":{"line":44,"column":61}},"24":{"start":{"line":45,"column":32},"end":{"line":45,"column":84}},"25":{"start":{"line":46,"column":12},"end":{"line":48,"column":13}},"26":{"start":{"line":47,"column":16},"end":{"line":47,"column":50}},"27":{"start":{"line":54,"column":8},"end":{"line":54,"column":26}},"28":{"start":{"line":59,"column":8},"end":{"line":59,"column":30}},"29":{"start":{"line":64,"column":8},"end":{"line":64,"column":26}},"30":{"start":{"line":68,"column":8},"end":{"line":68,"column":83}},"31":{"start":{"line":72,"column":8},"end":{"line":72,"column":43}},"32":{"start":{"line":73,"column":27},"end":{"line":73,"column":61}},"33":{"start":{"line":74,"column":8},"end":{"line":76,"column":9}},"34":{"start":{"line":75,"column":12},"end":{"line":75,"column":42}},"35":{"start":{"line":80,"column":8},"end":{"line":93,"column":11}},"36":{"start":{"line":81,"column":12},"end":{"line":81,"column":62}},"37":{"start":{"line":81,"column":55},"end":{"line":81,"column":62}},"38":{"start":{"line":82,"column":31},"end":{"line":82,"column":41}},"39":{"start":{"line":83,"column":29},"end":{"line":83,"column":44}},"40":{"start":{"line":84,"column":12},"end":{"line":84,"column":34}},"41":{"start":{"line":84,"column":27},"end":{"line":84,"column":34}},"42":{"start":{"line":85,"column":12},"end":{"line":85,"column":50}},"43":{"start":{"line":85,"column":43},"end":{"line":85,"column":50}},"44":{"start":{"line":86,"column":32},"end":{"line":86,"column":85}},"45":{"start":{"line":87,"column":12},"end":{"line":87,"column":37}},"46":{"start":{"line":87,"column":30},"end":{"line":87,"column":37}},"47":{"start":{"line":89,"column":12},"end":{"line":89,"column":46}},"48":{"start":{"line":90,"column":12},"end":{"line":92,"column":15}},"49":{"start":{"line":91,"column":16},"end":{"line":91,"column":67}},"50":{"start":{"line":97,"column":8},"end":{"line":122,"column":9}},"51":{"start":{"line":99,"column":16},"end":{"line":105,"column":17}},"52":{"start":{"line":103,"column":20},"end":{"line":103,"column":58}},"53":{"start":{"line":104,"column":20},"end":{"line":104,"column":32}},"54":{"start":{"line":106,"column":16},"end":{"line":106,"column":22}},"55":{"start":{"line":111,"column":37},"end":{"line":111,"column":61}},"56":{"start":{"line":112,"column":41},"end":{"line":112,"column":102}},"57":{"start":{"line":113,"column":51},"end":{"line":113,"column":100}},"58":{"start":{"line":114,"column":51},"end":{"line":114,"column":89}},"59":{"start":{"line":116,"column":16},"end":{"line":119,"column":17}},"60":{"start":{"line":117,"column":20},"end":{"line":117,"column":58}},"61":{"start":{"line":118,"column":20},"end":{"line":118,"column":32}},"62":{"start":{"line":120,"column":16},"end":{"line":120,"column":21}},"63":{"start":{"line":123,"column":8},"end":{"line":123,"column":21}},"64":{"start":{"line":127,"column":22},"end":{"line":127,"column":71}},"65":{"start":{"line":128,"column":26},"end":{"line":128,"column":54}},"66":{"start":{"line":129,"column":8},"end":{"line":129,"column":49}},"67":{"start":{"line":130,"column":9},"end":{"line":130,"column":87}},"68":{"start":{"line":134,"column":8},"end":{"line":134,"column":52}},"69":{"start":{"line":135,"column":9},"end":{"line":135,"column":79}},"70":{"start":{"line":21,"column":0},"end":{"line":21,"column":21}}},"fnMap":{"0":{"name":"(anonymous_0)","decl":{"start":{"line":5,"column":25},"end":{"line":5,"column":26}},"loc":{"start":{"line":5,"column":74},"end":{"line":9,"column":1}}},"1":{"name":"hexToRgbA","decl":{"start":{"line":11,"column":16},"end":{"line":11,"column":25}},"loc":{"start":{"line":11,"column":52},"end":{"line":19,"column":1}}},"2":{"name":"(anonymous_2)","decl":{"start":{"line":13,"column":44},"end":{"line":13,"column":45}},"loc":{"start":{"line":13,"column":49},"end":{"line":13,"column":54}}},"3":{"name":"(anonymous_3)","decl":{"start":{"line":24,"column":10},"end":{"line":24,"column":16}},"loc":{"start":{"line":24,"column":16},"end":{"line":39,"column":null}}},"4":{"name":"(anonymous_5)","decl":{"start":{"line":41,"column":4},"end":{"line":41,"column":12}},"loc":{"start":{"line":41,"column":12},"end":{"line":50,"column":5}}},"5":{"name":"(anonymous_6)","decl":{"start":{"line":43,"column":63},"end":{"line":43,"column":64}},"loc":{"start":{"line":43,"column":87},"end":{"line":49,"column":9}}},"6":{"name":"(anonymous_7)","decl":{"start":{"line":52,"column":4},"end":{"line":52,"column":22}},"loc":{"start":{"line":52,"column":48},"end":{"line":55,"column":5}}},"7":{"name":"(anonymous_8)","decl":{"start":{"line":57,"column":4},"end":{"line":57,"column":20}},"loc":{"start":{"line":57,"column":32},"end":{"line":60,"column":5}}},"8":{"name":"(anonymous_9)","decl":{"start":{"line":62,"column":4},"end":{"line":62,"column":16}},"loc":{"start":{"line":62,"column":28},"end":{"line":65,"column":5}}},"9":{"name":"(anonymous_10)","decl":{"start":{"line":67,"column":10},"end":{"line":67,"column":22}},"loc":{"start":{"line":67,"column":22},"end":{"line":69,"column":null}}},"10":{"name":"(anonymous_12)","decl":{"start":{"line":71,"column":10},"end":{"line":71,"column":22}},"loc":{"start":{"line":71,"column":22},"end":{"line":77,"column":null}}},"11":{"name":"(anonymous_14)","decl":{"start":{"line":79,"column":4},"end":{"line":79,"column":14}},"loc":{"start":{"line":79,"column":40},"end":{"line":94,"column":5}}},"12":{"name":"(anonymous_15)","decl":{"start":{"line":80,"column":63},"end":{"line":80,"column":64}},"loc":{"start":{"line":80,"column":88},"end":{"line":93,"column":9}}},"13":{"name":"(anonymous_16)","decl":{"start":{"line":90,"column":42},"end":{"line":90,"column":43}},"loc":{"start":{"line":90,"column":51},"end":{"line":92,"column":13}}},"14":{"name":"(anonymous_17)","decl":{"start":{"line":96,"column":4},"end":{"line":96,"column":13}},"loc":{"start":{"line":96,"column":64},"end":{"line":124,"column":5}}},"15":{"name":"(anonymous_18)","decl":{"start":{"line":126,"column":4},"end":{"line":126,"column":17}},"loc":{"start":{"line":126,"column":51},"end":{"line":131,"column":5}}},"16":{"name":"(anonymous_19)","decl":{"start":{"line":133,"column":4},"end":{"line":133,"column":19}},"loc":{"start":{"line":133,"column":36},"end":{"line":136,"column":5}}}},"branchMap":{"0":{"loc":{"start":{"line":13,"column":4},"end":{"line":13,"column":65}},"type":"if","locations":[{"start":{"line":13,"column":4},"end":{"line":13,"column":65}}]},"1":{"loc":{"start":{"line":44,"column":12},"end":{"line":44,"column":61}},"type":"if","locations":[{"start":{"line":44,"column":12},"end":{"line":44,"column":61}}]},"2":{"loc":{"start":{"line":46,"column":12},"end":{"line":48,"column":13}},"type":"if","locations":[{"start":{"line":46,"column":12},"end":{"line":48,"column":13}}]},"3":{"loc":{"start":{"line":74,"column":8},"end":{"line":76,"column":9}},"type":"if","locations":[{"start":{"line":74,"column":8},"end":{"line":76,"column":9}}]},"4":{"loc":{"start":{"line":79,"column":15},"end":{"line":79,"column":40}},"type":"default-arg","locations":[{"start":{"line":79,"column":36},"end":{"line":79,"column":40}}]},"5":{"loc":{"start":{"line":81,"column":12},"end":{"line":81,"column":62}},"type":"if","locations":[{"start":{"line":81,"column":12},"end":{"line":81,"column":62}}]},"6":{"loc":{"start":{"line":84,"column":12},"end":{"line":84,"column":34}},"type":"if","locations":[{"start":{"line":84,"column":12},"end":{"line":84,"column":34}}]},"7":{"loc":{"start":{"line":85,"column":12},"end":{"line":85,"column":50}},"type":"if","locations":[{"start":{"line":85,"column":12},"end":{"line":85,"column":50}}]},"8":{"loc":{"start":{"line":85,"column":16},"end":{"line":85,"column":41}},"type":"binary-expr","locations":[{"start":{"line":85,"column":16},"end":{"line":85,"column":20}},{"start":{"line":85,"column":24},"end":{"line":85,"column":41}}]},"9":{"loc":{"start":{"line":87,"column":12},"end":{"line":87,"column":37}},"type":"if","locations":[{"start":{"line":87,"column":12},"end":{"line":87,"column":37}}]},"10":{"loc":{"start":{"line":97,"column":8},"end":{"line":122,"column":9}},"type":"switch","locations":[{"start":{"line":98,"column":12},"end":{"line":107,"column":13}},{"start":{"line":108,"column":12},"end":{"line":121,"column":13}}]},"11":{"loc":{"start":{"line":99,"column":16},"end":{"line":105,"column":17}},"type":"if","locations":[{"start":{"line":99,"column":16},"end":{"line":105,"column":17}}]},"12":{"loc":{"start":{"line":112,"column":41},"end":{"line":112,"column":102}},"type":"cond-expr","locations":[{"start":{"line":112,"column":95},"end":{"line":112,"column":98}},{"start":{"line":112,"column":95},"end":{"line":112,"column":102}}]},"13":{"loc":{"start":{"line":112,"column":41},"end":{"line":112,"column":98}},"type":"binary-expr","locations":[{"start":{"line":112,"column":41},"end":{"line":112,"column":98}},{"start":{"line":112,"column":95},"end":{"line":112,"column":98}}]},"14":{"loc":{"start":{"line":112,"column":41},"end":{"line":112,"column":95}},"type":"cond-expr","locations":[{"start":{"line":112,"column":82},"end":{"line":112,"column":84}},{"start":{"line":112,"column":82},"end":{"line":112,"column":95}}]},"15":{"loc":{"start":{"line":112,"column":41},"end":{"line":112,"column":84}},"type":"binary-expr","locations":[{"start":{"line":112,"column":41},"end":{"line":112,"column":84}},{"start":{"line":112,"column":82},"end":{"line":112,"column":84}}]},"16":{"loc":{"start":{"line":113,"column":51},"end":{"line":113,"column":100}},"type":"cond-expr","locations":[{"start":{"line":113,"column":67},"end":{"line":113,"column":69}},{"start":{"line":113,"column":51},"end":{"line":113,"column":100}}]},"17":{"loc":{"start":{"line":113,"column":51},"end":{"line":113,"column":69}},"type":"binary-expr","locations":[{"start":{"line":113,"column":51},"end":{"line":113,"column":69}},{"start":{"line":113,"column":51},"end":{"line":113,"column":69}}]},"18":{"loc":{"start":{"line":114,"column":51},"end":{"line":114,"column":89}},"type":"cond-expr","locations":[{"start":{"line":114,"column":56},"end":{"line":114,"column":58}},{"start":{"line":114,"column":51},"end":{"line":114,"column":89}}]},"19":{"loc":{"start":{"line":114,"column":51},"end":{"line":114,"column":58}},"type":"binary-expr","locations":[{"start":{"line":114,"column":51},"end":{"line":114,"column":58}},{"start":{"line":114,"column":51},"end":{"line":114,"column":58}}]},"20":{"loc":{"start":{"line":116,"column":16},"end":{"line":119,"column":17}},"type":"if","locations":[{"start":{"line":116,"column":16},"end":{"line":119,"column":17}}]},"21":{"loc":{"start":{"line":127,"column":22},"end":{"line":127,"column":71}},"type":"cond-expr","locations":[{"start":{"line":127,"column":55},"end":{"line":127,"column":65}},{"start":{"line":127,"column":68},"end":{"line":127,"column":71}}]}},"s":{"0":1,"1":1,"2":1,"3":1,"4":5,"5":5,"6":1,"7":0,"8":0,"9":0,"10":0,"11":0,"12":0,"13":0,"14":0,"15":0,"16":0,"17":0,"18":0,"19":0,"20":0,"21":0,"22":0,"23":0,"24":0,"25":0,"26":0,"27":0,"28":0,"29":0,"30":0,"31":0,"32":0,"33":0,"34":0,"35":0,"36":0,"37":0,"38":0,"39":0,"40":0,"41":0,"42":0,"43":0,"44":0,"45":0,"46":0,"47":0,"48":0,"49":0,"50":0,"51":0,"52":0,"53":0,"54":0,"55":0,"56":0,"57":0,"58":0,"59":0,"60":0,"61":0,"62":0,"63":0,"64":0,"65":0,"66":0,"67":0,"68":0,"69":0,"70":1},"f":{"0":5,"1":0,"2":0,"3":0,"4":0,"5":0,"6":0,"7":0,"8":0,"9":0,"10":0,"11":0,"12":0,"13":0,"14":0,"15":0,"16":0},"b":{"0":[0],"1":[0],"2":[0],"3":[0],"4":[0],"5":[0],"6":[0],"7":[0],"8":[0,0],"9":[0],"10":[0,0],"11":[0],"12":[0,0],"13":[0,0],"14":[0,0],"15":[0,0],"16":[0,0],"17":[0,0],"18":[0,0],"19":[0,0],"20":[0],"21":[0,0]}}
,"/home/andy/del/obsidian-colorful-note-background/src/settingsTab.ts": {"path":"/home/andy/del/obsidian-colorful-note-background/src/settingsTab.ts","statementMap":{"0":{"start":{"line":1,"column":0},"end":{"line":1,"column":125}},"1":{"start":{"line":4,"column":0},"end":{"line":4,"column":null}},"2":{"start":{"line":5,"column":4},"end":{"line":5,"column":null}},"3":{"start":{"line":6,"column":4},"end":{"line":6,"column":null}},"4":{"start":{"line":18,"column":4},"end":{"line":18,"column":33}},"5":{"start":{"line":17,"column":0},"end":{"line":17,"column":13}},"6":{"start":{"line":21,"column":13},"end":{"line":45,"column":2}},"7":{"start":{"line":51,"column":8},"end":{"line":51,"column":27}},"8":{"start":{"line":52,"column":8},"end":{"line":52,"column":29}},"9":{"start":{"line":56,"column":32},"end":{"line":56,"column":36}},"10":{"start":{"line":57,"column":8},"end":{"line":57,"column":28}},"11":{"start":{"line":58,"column":8},"end":{"line":58,"column":45}},"12":{"start":{"line":61,"column":8},"end":{"line":64,"column":11}},"13":{"start":{"line":67,"column":22},"end":{"line":67,"column":77}},"14":{"start":{"line":70,"column":23},"end":{"line":70,"column":73}},"15":{"start":{"line":71,"column":8},"end":{"line":71,"column":50}},"16":{"start":{"line":72,"column":8},"end":{"line":72,"column":51}},"17":{"start":{"line":73,"column":8},"end":{"line":73,"column":51}},"18":{"start":{"line":74,"column":8},"end":{"line":74,"column":51}},"19":{"start":{"line":75,"column":8},"end":{"line":75,"column":54}},"20":{"start":{"line":76,"column":8},"end":{"line":76,"column":46}},"21":{"start":{"line":79,"column":31},"end":{"line":79,"column":79}},"22":{"start":{"line":80,"column":8},"end":{"line":80,"column":41}},"23":{"start":{"line":83,"column":8},"end":{"line":99,"column":15}},"24":{"start":{"line":85,"column":16},"end":{"line":98,"column":23}},"25":{"start":{"line":88,"column":51},"end":{"line":94,"column":26}},"26":{"start":{"line":95,"column":24},"end":{"line":95,"column":70}},"27":{"start":{"line":96,"column":24},"end":{"line":96,"column":56}},"28":{"start":{"line":97,"column":24},"end":{"line":97,"column":57}},"29":{"start":{"line":103,"column":8},"end":{"line":103,"column":26}},"30":{"start":{"line":104,"column":8},"end":{"line":106,"column":11}},"31":{"start":{"line":105,"column":12},"end":{"line":105,"column":52}},"32":{"start":{"line":110,"column":20},"end":{"line":110,"column":70}},"33":{"start":{"line":113,"column":25},"end":{"line":113,"column":65}},"34":{"start":{"line":114,"column":8},"end":{"line":121,"column":15}},"35":{"start":{"line":119,"column":16},"end":{"line":119,"column":46}},"36":{"start":{"line":120,"column":16},"end":{"line":120,"column":48}},"37":{"start":{"line":124,"column":26},"end":{"line":124,"column":66}},"38":{"start":{"line":125,"column":8},"end":{"line":131,"column":15}},"39":{"start":{"line":129,"column":16},"end":{"line":129,"column":35}},"40":{"start":{"line":130,"column":16},"end":{"line":130,"column":48}},"41":{"start":{"line":134,"column":26},"end":{"line":134,"column":81}},"42":{"start":{"line":135,"column":27},"end":{"line":136,"column":33}},"43":{"start":{"line":137,"column":8},"end":{"line":137,"column":55}},"44":{"start":{"line":139,"column":23},"end":{"line":145,"column":14}},"45":{"start":{"line":142,"column":16},"end":{"line":142,"column":35}},"46":{"start":{"line":143,"column":16},"end":{"line":143,"column":43}},"47":{"start":{"line":144,"column":16},"end":{"line":144,"column":48}},"48":{"start":{"line":147,"column":8},"end":{"line":153,"column":11}},"49":{"start":{"line":148,"column":12},"end":{"line":152,"column":13}},"50":{"start":{"line":149,"column":16},"end":{"line":149,"column":35}},"51":{"start":{"line":150,"column":16},"end":{"line":150,"column":39}},"52":{"start":{"line":151,"column":16},"end":{"line":151,"column":48}},"53":{"start":{"line":156,"column":26},"end":{"line":156,"column":66}},"54":{"start":{"line":157,"column":27},"end":{"line":158,"column":55}},"55":{"start":{"line":159,"column":8},"end":{"line":159,"column":43}},"56":{"start":{"line":160,"column":8},"end":{"line":160,"column":41}},"57":{"start":{"line":161,"column":8},"end":{"line":161,"column":37}},"58":{"start":{"line":162,"column":8},"end":{"line":162,"column":37}},"59":{"start":{"line":163,"column":8},"end":{"line":163,"column":55}},"60":{"start":{"line":164,"column":8},"end":{"line":170,"column":11}},"61":{"start":{"line":165,"column":24},"end":{"line":165,"column":41}},"62":{"start":{"line":166,"column":12},"end":{"line":169,"column":13}},"63":{"start":{"line":167,"column":16},"end":{"line":167,"column":33}},"64":{"start":{"line":168,"column":16},"end":{"line":168,"column":48}},"65":{"start":{"line":173,"column":29},"end":{"line":173,"column":87}},"66":{"start":{"line":175,"column":8},"end":{"line":184,"column":15}},"67":{"start":{"line":180,"column":16},"end":{"line":180,"column":65}},"68":{"start":{"line":181,"column":16},"end":{"line":181,"column":75}},"69":{"start":{"line":182,"column":16},"end":{"line":182,"column":48}},"70":{"start":{"line":183,"column":16},"end":{"line":183,"column":44}},"71":{"start":{"line":186,"column":8},"end":{"line":195,"column":15}},"72":{"start":{"line":191,"column":16},"end":{"line":191,"column":65}},"73":{"start":{"line":192,"column":16},"end":{"line":192,"column":75}},"74":{"start":{"line":193,"column":16},"end":{"line":193,"column":48}},"75":{"start":{"line":194,"column":16},"end":{"line":194,"column":44}},"76":{"start":{"line":198,"column":27},"end":{"line":198,"column":83}},"77":{"start":{"line":199,"column":8},"end":{"line":207,"column":15}},"78":{"start":{"line":204,"column":16},"end":{"line":204,"column":114}},"79":{"start":{"line":204,"column":96},"end":{"line":204,"column":112}},"80":{"start":{"line":205,"column":16},"end":{"line":205,"column":48}},"81":{"start":{"line":206,"column":16},"end":{"line":206,"column":44}},"82":{"start":{"line":47,"column":0},"end":{"line":47,"column":13}}},"fnMap":{"0":{"name":"(anonymous_0)","decl":{"start":{"line":4,"column":0},"end":{"line":4,"column":12}},"loc":{"start":{"line":4,"column":20},"end":{"line":7,"column":1}}},"1":{"name":"(anonymous_1)","decl":{"start":{"line":17,"column":0},"end":{"line":17,"column":13}},"loc":{"start":{"line":17,"column":0},"end":{"line":19,"column":1}}},"2":{"name":"(anonymous_2)","decl":{"start":{"line":50,"column":4},"end":{"line":50,"column":16}},"loc":{"start":{"line":50,"column":62},"end":{"line":53,"column":5}}},"3":{"name":"(anonymous_3)","decl":{"start":{"line":55,"column":4},"end":{"line":55,"column":11}},"loc":{"start":{"line":55,"column":11},"end":{"line":100,"column":5}}},"4":{"name":"(anonymous_4)","decl":{"start":{"line":84,"column":23},"end":{"line":84,"column":24}},"loc":{"start":{"line":84,"column":31},"end":{"line":99,"column":13}}},"5":{"name":"(anonymous_5)","decl":{"start":{"line":87,"column":29},"end":{"line":87,"column":32}},"loc":{"start":{"line":87,"column":34},"end":{"line":98,"column":21}}},"6":{"name":"(anonymous_6)","decl":{"start":{"line":102,"column":4},"end":{"line":102,"column":15}},"loc":{"start":{"line":102,"column":38},"end":{"line":107,"column":5}}},"7":{"name":"(anonymous_7)","decl":{"start":{"line":104,"column":48},"end":{"line":104,"column":49}},"loc":{"start":{"line":104,"column":64},"end":{"line":106,"column":9}}},"8":{"name":"(anonymous_8)","decl":{"start":{"line":109,"column":4},"end":{"line":109,"column":14}},"loc":{"start":{"line":109,"column":69},"end":{"line":208,"column":5}}},"9":{"name":"(anonymous_9)","decl":{"start":{"line":118,"column":22},"end":{"line":118,"column":23}},"loc":{"start":{"line":118,"column":32},"end":{"line":121,"column":13}}},"10":{"name":"(anonymous_10)","decl":{"start":{"line":128,"column":22},"end":{"line":128,"column":23}},"loc":{"start":{"line":128,"column":32},"end":{"line":131,"column":13}}},"11":{"name":"(anonymous_11)","decl":{"start":{"line":141,"column":22},"end":{"line":141,"column":23}},"loc":{"start":{"line":141,"column":32},"end":{"line":145,"column":13}}},"12":{"name":"(anonymous_12)","decl":{"start":{"line":147,"column":28},"end":{"line":147,"column":29}},"loc":{"start":{"line":147,"column":46},"end":{"line":153,"column":9}}},"13":{"name":"(anonymous_13)","decl":{"start":{"line":164,"column":28},"end":{"line":164,"column":29}},"loc":{"start":{"line":164,"column":38},"end":{"line":170,"column":9}}},"14":{"name":"(anonymous_14)","decl":{"start":{"line":179,"column":21},"end":{"line":179,"column":24}},"loc":{"start":{"line":179,"column":26},"end":{"line":184,"column":13}}},"15":{"name":"(anonymous_15)","decl":{"start":{"line":190,"column":21},"end":{"line":190,"column":24}},"loc":{"start":{"line":190,"column":26},"end":{"line":195,"column":13}}},"16":{"name":"(anonymous_16)","decl":{"start":{"line":203,"column":21},"end":{"line":203,"column":24}},"loc":{"start":{"line":203,"column":26},"end":{"line":207,"column":13}}},"17":{"name":"(anonymous_17)","decl":{"start":{"line":204,"column":89},"end":{"line":204,"column":90}},"loc":{"start":{"line":204,"column":96},"end":{"line":204,"column":112}}}},"branchMap":{"0":{"loc":{"start":{"line":4,"column":12},"end":{"line":4,"column":null}},"type":"binary-expr","locations":[{"start":{"line":4,"column":12},"end":{"line":4,"column":20}},{"start":{"line":4,"column":20},"end":{"line":4,"column":null}}]},"1":{"loc":{"start":{"line":126,"column":28},"end":{"line":126,"column":88}},"type":"cond-expr","locations":[{"start":{"line":126,"column":60},"end":{"line":126,"column":73}},{"start":{"line":126,"column":76},"end":{"line":126,"column":88}}]},"2":{"loc":{"start":{"line":148,"column":12},"end":{"line":152,"column":13}},"type":"if","locations":[{"start":{"line":148,"column":12},"end":{"line":152,"column":13}}]},"3":{"loc":{"start":{"line":158,"column":22},"end":{"line":158,"column":54}},"type":"cond-expr","locations":[{"start":{"line":158,"column":44},"end":{"line":158,"column":48}},{"start":{"line":158,"column":48},"end":{"line":158,"column":54}}]},"4":{"loc":{"start":{"line":158,"column":22},"end":{"line":158,"column":48}},"type":"binary-expr","locations":[{"start":{"line":158,"column":22},"end":{"line":158,"column":48}},{"start":{"line":158,"column":44},"end":{"line":158,"column":48}}]},"5":{"loc":{"start":{"line":158,"column":22},"end":{"line":158,"column":44}},"type":"cond-expr","locations":[{"start":{"line":158,"column":32},"end":{"line":158,"column":34}},{"start":{"line":158,"column":32},"end":{"line":158,"column":44}}]},"6":{"loc":{"start":{"line":158,"column":22},"end":{"line":158,"column":34}},"type":"binary-expr","locations":[{"start":{"line":158,"column":22},"end":{"line":158,"column":34}},{"start":{"line":158,"column":32},"end":{"line":158,"column":34}}]},"7":{"loc":{"start":{"line":166,"column":12},"end":{"line":169,"column":13}},"type":"if","locations":[{"start":{"line":166,"column":12},"end":{"line":169,"column":13}}]},"8":{"loc":{"start":{"line":166,"column":16},"end":{"line":166,"column":51}},"type":"binary-expr","locations":[{"start":{"line":166,"column":16},"end":{"line":166,"column":27}},{"start":{"line":166,"column":31},"end":{"line":166,"column":39}},{"start":{"line":166,"column":43},"end":{"line":166,"column":51}}]}},"s":{"0":1,"1":1,"2":1,"3":1,"4":0,"5":1,"6":1,"7":0,"8":0,"9":0,"10":0,"11":0,"12":0,"13":0,"14":0,"15":0,"16":0,"17":0,"18":0,"19":0,"20":0,"21":0,"22":0,"23":0,"24":0,"25":0,"26":0,"27":0,"28":0,"29":0,"30":0,"31":0,"32":0,"33":0,"34":0,"35":0,"36":0,"37":0,"38":0,"39":0,"40":0,"41":0,"42":0,"43":0,"44":0,"45":0,"46":0,"47":0,"48":0,"49":0,"50":0,"51":0,"52":0,"53":0,"54":0,"55":0,"56":0,"57":0,"58":0,"59":0,"60":0,"61":0,"62":0,"63":0,"64":0,"65":0,"66":0,"67":0,"68":0,"69":0,"70":0,"71":0,"72":0,"73":0,"74":0,"75":0,"76":0,"77":0,"78":0,"79":0,"80":0,"81":0,"82":1},"f":{"0":1,"1":0,"2":0,"3":0,"4":0,"5":0,"6":0,"7":0,"8":0,"9":0,"10":0,"11":0,"12":0,"13":0,"14":0,"15":0,"16":0,"17":0},"b":{"0":[1,1],"1":[0,0],"2":[0],"3":[0,0],"4":[0,0],"5":[0,0],"6":[0,0],"7":[0],"8":[0,0,0]}}
}
